<?xml version="1.0" encoding="UTF-8"?>
<!-- Generated by org.testng.reporters.JUnitXMLReporter -->
<testsuite ignored="6" hostname="DESKTOP-EUH2O3V" failures="0" tests="4" name="POMFramework" time="43.501" errors="0" timestamp="2023-11-19T19:04:36 IST">
  <testcase classname="redbusProject.Testpages.NavigateTest" name="clickOnAccount" time="4.14"/>
  <testcase classname="redbusProject.Testpages.NavigateTest" name="clickOncabrental" time="6.932"/>
  <testcase classname="redbusProject.Testpages.AccountPageTest" name="clickOnSignUpPage" time="12.231"/>
  <testcase classname="redbusProject.Testpages.bookBusTicketTest" name="SearchBus" time="5.643"/>
  <testcase classname="redbusProject.Base.TestBase" name="@BeforeSuite InitalizeExtentReport" time="0.0">
    <ignored/>
  </testcase> <!-- @BeforeSuite InitalizeExtentReport -->
  <testcase classname="redbusProject.Base.TestBase" name="@AfterSuite generateReports" time="0.0">
    <ignored/>
  </testcase> <!-- @AfterSuite generateReports -->
  <testcase classname="redbusProject.Base.TestBase" name="@BeforeTest getnameMethod" time="0.0">
    <ignored/>
  </testcase> <!-- @BeforeTest getnameMethod -->
  <testcase classname="redbusProject.Base.TestBase" name="@BeforeSuite InitalizeExtentReport" time="0.0">
    <ignored/>
  </testcase> <!-- @BeforeSuite InitalizeExtentReport -->
  <testcase classname="redbusProject.Base.TestBase" name="@BeforeTest getnameMethod" time="0.0">
    <ignored/>
  </testcase> <!-- @BeforeTest getnameMethod -->
  <testcase classname="redbusProject.Base.TestBase" name="@AfterSuite generateReports" time="0.0">
    <ignored/>
  </testcase> <!-- @AfterSuite generateReports -->
</testsuite> <!-- POMFramework -->
